<?xml version="1.0" encoding="UTF-8" ?>
<testsuite errors="0" failures="2" hostname="rC" name="org.me.hello.NameHandlerTest" tests="4" time="0.5" timestamp="2008-06-01T09:12:56">
  <properties>
[...]
</properties>
  <testcase classname="org.me.hello.NameHandlerTest" name="testGetName" time="0.0">
    <failure message="expected:&lt;&gt; but was:&lt;null&gt;" type="junit.framework.ComparisonFailure">junit.framework.ComparisonFailure: expected:&lt;&gt; but was:&lt;null&gt;
	at org.me.hello.NameHandlerTest.testGetName(NameHandlerTest.java:36)
</failure>
  </testcase>
  <testcase classname="org.me.hello.NameHandlerTest" name="testSetName" time="0.0" />
  <testcase classname="org.me.hello.NameHandlerTest" name="testAddNumbers" time="0.0" />
  <testcase classname="org.me.hello.NameHandlerTest" name="testComparteTwoNamesIgnoringCases" time="0.0">
    <failure message="expected:&lt;0&gt; but was:&lt;14&gt;" type="junit.framework.AssertionFailedError">junit.framework.AssertionFailedError: expected:&lt;0&gt; but was:&lt;14&gt;
	at org.me.hello.NameHandlerTest.testComparteTwoNamesIgnoringCases(NameHandlerTest.java:78)
</failure>
  </testcase>
  <system-out><![CDATA[getName
setName
addNumbers
comparteTwoNamesIgnoringCases
]]></system-out>
  <system-err><![CDATA[]]></system-err>
</testsuite>
