<?xml version="1.0" encoding="UTF-8" ?>
<testsuite errors="0" failures="0" name="ComputeClassTest" tests="4" time="0.032">
  <properties>
[...]
</properties>
  <testcase classname="ComputeClassTest" name="testAdd" time="0.0"></testcase>
  <testcase classname="ComputeClassTest" name="testMultiply" time="0.0"></testcase>
  <testcase classname="ComputeClassTest" name="testSubtract" time="0.0"></testcase>
  <testcase classname="ComputeClassTest" name="testAddAndMultiplyBy3" time="0.0"></testcase>
  <system-out><![CDATA[add
multiply
subtract
addAndMultiplyBy3
]]></system-out>
  <system-err><![CDATA[]]></system-err>
</testsuite>
